  test.cpp
D:\github\data-structure-topics\Graph\Graph\Graph.h(594,21): warning C4018: “<”: 有符号/无符号不匹配
D:\github\data-structure-topics\Graph\Graph\Graph.h(65,24): warning C4018: “<”: 有符号/无符号不匹配
D:\github\data-structure-topics\Graph\Graph\Graph.h(52): message : 在编译 类 模板 成员函数“void Matrix::Graph<char,int,2147483647,false>::bfs(const V &)”时
          with
          [
              V=char
          ]
D:\github\data-structure-topics\Graph\Graph\Graph.h(483): message : 查看对正在编译的函数 模板 实例化“void Matrix::Graph<char,int,2147483647,false>::bfs(const V &)”的引用
          with
          [
              V=char
          ]
D:\github\data-structure-topics\Graph\Graph\Graph.h(470): message : 查看对正在编译的 类 模板 实例化“Matrix::Graph<char,int,2147483647,false>”的引用
D:\github\data-structure-topics\Graph\Graph\Graph.h(433,23): warning C4018: “<”: 有符号/无符号不匹配
D:\github\data-structure-topics\Graph\Graph\Graph.h(422): message : 在编译 类 模板 成员函数“void Matrix::Graph<char,int,2147483647,true>::printShortPath(const V &,const std::vector<int,std::allocator<int>> &,const std::vector<int,std::allocator<int>> &)”时
          with
          [
              V=char
          ]
D:\github\data-structure-topics\Graph\Graph\Graph.h(531): message : 查看对正在编译的函数 模板 实例化“void Matrix::Graph<char,int,2147483647,true>::printShortPath(const V &,const std::vector<int,std::allocator<int>> &,const std::vector<int,std::allocator<int>> &)”的引用
          with
          [
              V=char
          ]
D:\github\data-structure-topics\Graph\Graph\Graph.h(445): message : 查看对正在编译的 类 模板 实例化“Matrix::Graph<char,int,2147483647,true>”的引用
D:\github\data-structure-topics\Graph\Graph\Graph.h(91,22): warning C4018: “<”: 有符号/无符号不匹配
D:\github\data-structure-topics\Graph\Graph\Graph.h(88): message : 在编译 类 模板 成员函数“void Matrix::Graph<char,int,2147483647,false>::_dfs(int,std::vector<bool,std::allocator<bool>> &)”时
D:\github\data-structure-topics\Graph\Graph\Graph.h(101): message : 查看对正在编译的函数 模板 实例化“void Matrix::Graph<char,int,2147483647,false>::_dfs(int,std::vector<bool,std::allocator<bool>> &)”的引用
  Graph.vcxproj -> D:\github\data-structure-topics\Graph\Debug\Graph.exe
